/DYJetsToLL_M-50_13TeV-madgraph-pythia8/arizzi-VHBB_HEPPY_V4_DYJetsToLL_M-50_13TeV-madgraph-pythia8__Phys14DR-PU20bx25_PHYS14_25_V1-v1-2984d457ec1cb2402276e07b9e62fbf4/USER
/DYJetsToLL_M-50_HT-100to200_Tune4C_13TeV-madgraph-tauola/arizzi-VHBB_HEPPY_V4_DYJetsToLL_M-50_HT-100to200_Tune4C_13TeV-madgraph-tauola__Phys14DR-PU20bx25_PHYS14_25_V1-v1-ef1f9e0806087631be95b81e17926867/USER
/DYJetsToLL_M-50_HT-200to400_Tune4C_13TeV-madgraph-tauola/arizzi-VHBB_HEPPY_V4_DYJetsToLL_M-50_HT-200to400_Tune4C_13TeV-madgraph-tauola__Phys14DR-PU20bx25_PHYS14_25_V1-v1-c0c5fc8505b97a748b823cf3ec877d4c/USER
/DYJetsToLL_M-50_HT-400to600_Tune4C_13TeV-madgraph-tauola/arizzi-VHBB_HEPPY_V4_DYJetsToLL_M-50_HT-400to600_Tune4C_13TeV-madgraph-tauola__Phys14DR-PU20bx25_PHYS14_25_V1-v1-fb2557a962dd0e516805ae2b26435498/USER
/DYJetsToLL_M-50_HT-600toInf_Tune4C_13TeV-madgraph-tauola/arizzi-VHBB_HEPPY_V4_DYJetsToLL_M-50_HT-600toInf_Tune4C_13TeV-madgraph-tauola__Phys14DR-PU20bx25_PHYS14_25_V1-v1-1acf0d0fa5854ea17b82baa526c4d1ef/USER
/DYJetsToMuMu_PtZ-180_M-50_13TeV-madgraph/arizzi-VHBB_HEPPY_V4_DYJetsToMuMu_PtZ-180_M-50_13TeV-madgraph__Phys14DR-PU20bx25_tsg_PHYS14_25_V1-v3-b295833af365626d94098a812cc747c7/USER
/DYJetsToMuMu_PtZ-180_M-50_13TeV-madgraph/arizzi-VHBB_HEPPY_V4_DYJetsToMuMu_PtZ-180_M-50_13TeV-madgraph__Phys14DR-PU40bx25_tsg_PHYS14_25_V1-v1-9104a0421375ceb3d354d189d125ddf5/USER
/GJets_HT-100to200_Tune4C_13TeV-madgraph-tauola/arizzi-VHBB_HEPPY_V4_GJets_HT-100to200_Tune4C_13TeV-madgraph-tauola__Phys14DR-PU20bx25_PHYS14_25_V1-v1-8ba7c2ccc3e249ddf636c2eef319b47b/USER
/GJets_HT-200to400_Tune4C_13TeV-madgraph-tauola/arizzi-VHBB_HEPPY_V4_GJets_HT-200to400_Tune4C_13TeV-madgraph-tauola__Phys14DR-PU20bx25_PHYS14_25_V1-v1-3ffabd6aa64c46bff05b74e51332419a/USER
/GJets_HT-600toInf_Tune4C_13TeV-madgraph-tauola/arizzi-VHBB_HEPPY_V4_GJets_HT-600toInf_Tune4C_13TeV-madgraph-tauola__Phys14DR-PU20bx25_PHYS14_25_V1-v1-37773164e861ca2626c23483b038b2aa/USER
/QCD_HT-500To1000_13TeV-madgraph/arizzi-VHBB_HEPPY_V4_QCD_HT-500To1000_13TeV-madgraph__Phys14DR-PU20bx25_PHYS14_25_V1-v1-c27a70c8b364610ec56dd62248044852/USER
/QCD_HT-500To1000_13TeV-madgraph/arizzi-VHBB_HEPPY_V4_QCD_HT-500To1000_13TeV-madgraph__Phys14DR-PU20bx25_PHYS14_25_V1_ext1-v1-2d08b91da2059f43e783ae7725e0c990/USER
/QCD_HT_1000ToInf_13TeV-madgraph/arizzi-VHBB_HEPPY_V4_QCD_HT_1000ToInf_13TeV-madgraph__Phys14DR-PU20bx25_PHYS14_25_V1-v1-c22d4496f5542e0febdd0508bee5e659/USER
/QCD_HT_1000ToInf_13TeV-madgraph/arizzi-VHBB_HEPPY_V4_QCD_HT_1000ToInf_13TeV-madgraph__Phys14DR-PU20bx25_PHYS14_25_V1_ext1-v1-75e971ec7c548f20693b4b29c2a095cd/USER
/QCD_HT_250To500_13TeV-madgraph/arizzi-VHBB_HEPPY_V4_QCD_HT_250To500_13TeV-madgraph__Phys14DR-PU20bx25_PHYS14_25_V1_ext1-v2-95a72c31ec8ed1236178052b6354d67f/USER
/TBarToLeptons_s-channel-CSA14_Tune4C_13TeV-aMCatNLO-tauola/arizzi-VHBB_HEPPY_V4_TBarToLeptons_s-channel-CSA14_Tune4C_13TeV-aMCatNLO-tauola__Phys14DR-PU20bx25_PHYS14_25_V1-v1-6aad806c769a63e2cb81a738c3837463/USER
/TBarToLeptons_t-channel_Tune4C_CSA14_13TeV-aMCatNLO-tauola/arizzi-VHBB_HEPPY_V4_TBarToLeptons_t-channel_Tune4C_CSA14_13TeV-aMCatNLO-tauola__Phys14DR-PU20bx25_PHYS14_25_V1-v1-bcdc5c4e06f46e241f65edd16a004f80/USER
/TTJets_MSDecaysCKM_central_Tune4C_13TeV-madgraph-tauola/arizzi-VHBB_HEPPY_V4_TTJets_MSDecaysCKM_central_Tune4C_13TeV-madgraph-tauola__Phys14DR-PU20bx25_PHYS14_25_V1-v1-f2ba01d8ddf0d4d48e63d8811dcb78c9/USER
/TTWJets_Tune4C_13TeV-madgraph-tauola/arizzi-VHBB_HEPPY_V4_TTWJets_Tune4C_13TeV-madgraph-tauola__Phys14DR-PU20bx25_PHYS14_25_V1-v1-6a918dd0505b2a7d4ac60d303b809b43/USER
/TTZJets_Tune4C_13TeV-madgraph-tauola/arizzi-VHBB_HEPPY_V4_TTZJets_Tune4C_13TeV-madgraph-tauola__Phys14DR-PU20bx25_PHYS14_25_V1-v1-a73ac89364106077416f03e83db4710a/USER
/TT_Tune4C_13TeV-pythia8-tauola/arizzi-VHBB_HEPPY_V4_TT_Tune4C_13TeV-pythia8-tauola__Phys14DR-PU40bx25_tsg_PHYS14_25_V1-v1-314d14094215ce68679796ec2d5411cc/USER
/TToLeptons_s-channel-CSA14_Tune4C_13TeV-aMCatNLO-tauola/arizzi-VHBB_HEPPY_V4_TToLeptons_s-channel-CSA14_Tune4C_13TeV-aMCatNLO-tauola__Phys14DR-PU20bx25_PHYS14_25_V1-v1-826e9aca34e6ff8d1c3fe6dc67072059/USER
/TToLeptons_t-channel-CSA14_Tune4C_13TeV-aMCatNLO-tauola/arizzi-VHBB_HEPPY_V4_TToLeptons_t-channel-CSA14_Tune4C_13TeV-aMCatNLO-tauola__Phys14DR-PU20bx25_PHYS14_25_V1-v1-c61abd0a8e3e5b14b8ce566dd079f80f/USER
/T_tW-channel-DR_Tune4C_13TeV-CSA14-powheg-tauola/arizzi-VHBB_HEPPY_V4_T_tW-channel-DR_Tune4C_13TeV-CSA14-powheg-tauola__Phys14DR-PU20bx25_PHYS14_25_V1-v1-473cf1a3a25d8ba745c10fdf655b0139/USER
/Tbar_tW-channel-DR_Tune4C_13TeV-CSA14-powheg-tauola/arizzi-VHBB_HEPPY_V4_Tbar_tW-channel-DR_Tune4C_13TeV-CSA14-powheg-tauola__Phys14DR-PU20bx25_PHYS14_25_V1-v1-bf99f07f1b20c1e046ef2515a21cf337/USER
/WH_HToBB_WToLNu_M-125_13TeV_powheg-herwigpp/arizzi-VHBB_HEPPY_V4_WH_HToBB_WToLNu_M-125_13TeV_powheg-herwigpp__Phys14DR-PU40bx25_PHYS14_25_V1-v1-a0f428326eb05f9deec1b4adf967e149/USER
/WJetsToLNu_13TeV-madgraph-pythia8-tauola/arizzi-VHBB_HEPPY_V4_WJetsToLNu_13TeV-madgraph-pythia8-tauola__Phys14DR-PU20bx25_PHYS14_25_V1-v1-f486d282da7c13c8452b6a7afd777cdc/USER
/WJetsToLNu_HT-100to200_Tune4C_13TeV-madgraph-tauola/arizzi-VHBB_HEPPY_V4_WJetsToLNu_HT-100to200_Tune4C_13TeV-madgraph-tauola__Phys14DR-PU20bx25_PHYS14_25_V1-v1-b578d111c6aaa5ed4385a05ba2580fef/USER
/WJetsToLNu_HT-200to400_Tune4C_13TeV-madgraph-tauola/arizzi-VHBB_HEPPY_V4_WJetsToLNu_HT-200to400_Tune4C_13TeV-madgraph-tauola__Phys14DR-PU20bx25_PHYS14_25_V1-v1-79cccafe83ae101666e1a7aeb9f2239b/USER
/WJetsToLNu_HT-400to600_Tune4C_13TeV-madgraph-tauola/arizzi-VHBB_HEPPY_V4_WJetsToLNu_HT-400to600_Tune4C_13TeV-madgraph-tauola__Phys14DR-PU20bx25_PHYS14_25_V1-v1-440d068fc57f8b9286b3c1ef93f346a9/USER
/WZJetsTo3LNu_Tune4C_13TeV-madgraph-tauola/arizzi-VHBB_HEPPY_V4_WZJetsTo3LNu_Tune4C_13TeV-madgraph-tauola__Phys14DR-PU20bx25_PHYS14_25_V1-v1-676078ddfb0f28e7c4015faca0345dcb/USER
/ZH_HToBB_ZToNuNu_M-125_13TeV_powheg-herwigpp/arizzi-VHBB_HEPPY_V4_ZH_HToBB_ZToNuNu_M-125_13TeV_powheg-herwigpp__Phys14DR-PU40bx25_PHYS14_25_V1-v1-ad813430c85922053302598dac029e9e/USER
/ZJetsToNuNu_HT-100to200_Tune4C_13TeV-madgraph-tauola/arizzi-VHBB_HEPPY_V4_ZJetsToNuNu_HT-100to200_Tune4C_13TeV-madgraph-tauola__Phys14DR-PU20bx25_PHYS14_25_V1-v1-510c4e18c2ad18aea16d640da21a4447/USER
/ZJetsToNuNu_HT-200to400_Tune4C_13TeV-madgraph-tauola/arizzi-VHBB_HEPPY_V4_ZJetsToNuNu_HT-200to400_Tune4C_13TeV-madgraph-tauola__Phys14DR-PU20bx25_PHYS14_25_V1-v1-a41efbd462020b2ad1621dddbe080812/USER
/ZJetsToNuNu_HT-600toInf_Tune4C_13TeV-madgraph-tauola/arizzi-VHBB_HEPPY_V4_ZJetsToNuNu_HT-600toInf_Tune4C_13TeV-madgraph-tauola__Phys14DR-PU20bx25_PHYS14_25_V1-v1-f8c725c0a5e3bea3e428bda71185116e/USER
/ZZTo4L_Tune4C_13TeV-powheg-pythia8/arizzi-VHBB_HEPPY_V4_ZZTo4L_Tune4C_13TeV-powheg-pythia8__Phys14DR-PU20bx25_PHYS14_25_V1-v1-d7d78a7d5d78d3af29afff982a99980e/USER
